[?1h=
                                                        < M A T L A B (R) >
                                              Copyright 1984-2017 The MathWorks, Inc.
                                               R2017a (9.2.0.556344) 64-bit (glnxa64)
                                                           March 27, 2017

 
For online documentation, see http://www.mathworks.com/support
For product information, visit www.mathworks.com.
 
[?1l>[?1h=
                                                        < M A T L A B (R) >
                                              Copyright 1984-2017 The MathWorks, Inc.
                                               R2017a (9.2.0.556344) 64-bit (glnxa64)
                                                           March 27, 2017

 
For online documentation, see http://www.mathworks.com/support
For product information, visit www.mathworks.com.
 
[?1l>[?1h=
                                                        < M A T L A B (R) >
                                              Copyright 1984-2017 The MathWorks, Inc.
                                               R2017a (9.2.0.556344) 64-bit (glnxa64)
                                                           March 27, 2017

 
For online documentation, see http://www.mathworks.com/support
For product information, visit www.mathworks.com.
 
[?1l>[?1h=
                                                        < M A T L A B (R) >
                                              Copyright 1984-2017 The MathWorks, Inc.
                                               R2017a (9.2.0.556344) 64-bit (glnxa64)
                                                           March 27, 2017

 
For online documentation, see http://www.mathworks.com/support
For product information, visit www.mathworks.com.
 
[?1l>